<?xml version="1.0" encoding="UTF-8"?>
<!-- Generated by org.testng.reporters.JUnitXMLReporter -->
<testsuite hostname="MSI" ignored="0" name="Test" tests="10" failures="0" timestamp="2021-11-20T18:17:08 IST" time="135.688" errors="0">
  <testcase name="checkCashOnDeliveryAvail" time="4.743" classname="com.mindtree.Runner.hybridRunner"/>
  <testcase name="countlinks" time="0.053" classname="com.mindtree.Runner.hybridRunner"/>
  <testcase name="faceMasks" time="4.604" classname="com.mindtree.Runner.hybridRunner"/>
  <testcase name="getCorpGift" time="4.921" classname="com.mindtree.Runner.hybridRunner"/>
  <testcase name="getGiftCard" time="3.238" classname="com.mindtree.Runner.hybridRunner"/>
  <testcase name="getPersonalGift" time="9.025" classname="com.mindtree.Runner.hybridRunner"/>
  <testcase name="getTop50" time="7.984" classname="com.mindtree.Runner.hybridRunner"/>
  <testcase name="getViewAll" time="6.83" classname="com.mindtree.Runner.hybridRunner"/>
  <testcase name="getprodBysearch" time="12.153" classname="com.mindtree.Runner.hybridRunner"/>
  <testcase name="signIn" time="3.058" classname="com.mindtree.Runner.hybridRunner"/>
</testsuite> <!-- Test -->
