<?xml version="1.0" encoding="UTF-8"?>
<!-- Generated by org.testng.reporters.JUnitXMLReporter -->
<testsuite hostname="MSI" ignored="0" name="Test" tests="10" failures="0" timestamp="2021-11-20T18:26:11 IST" time="152.876" errors="0">
  <testcase name="checkCashOnDeliveryAvail" time="4.919" classname="com.mindtree.Runner.hybridRunner"/>
  <testcase name="countlinks" time="0.049" classname="com.mindtree.Runner.hybridRunner"/>
  <testcase name="faceMasks" time="4.797" classname="com.mindtree.Runner.hybridRunner"/>
  <testcase name="getCorpGift" time="4.411" classname="com.mindtree.Runner.hybridRunner"/>
  <testcase name="getGiftCard" time="3.075" classname="com.mindtree.Runner.hybridRunner"/>
  <testcase name="getPersonalGift" time="9.838" classname="com.mindtree.Runner.hybridRunner"/>
  <testcase name="getTop50" time="43.628" classname="com.mindtree.Runner.hybridRunner"/>
  <testcase name="getViewAll" time="11.423" classname="com.mindtree.Runner.hybridRunner"/>
  <testcase name="getprodBysearch" time="5.896" classname="com.mindtree.Runner.hybridRunner"/>
  <testcase name="signIn" time="3.242" classname="com.mindtree.Runner.hybridRunner"/>
</testsuite> <!-- Test -->
