<?xml version="1.0" encoding="UTF-8"?>
<testng-results skipped="0" failed="0" ignored="0" total="10" passed="10">
  <reporter-output>
  </reporter-output>
  <suite name="Suite" duration-ms="152876" started-at="2021-11-20T18:23:38 IST" finished-at="2021-11-20T18:26:11 IST">
    <groups>
    </groups>
    <test name="Test" duration-ms="152876" started-at="2021-11-20T18:23:38 IST" finished-at="2021-11-20T18:26:11 IST">
      <class name="com.mindtree.Runner.hybridRunner">
        <test-method status="PASS" signature="getdriver()[pri:0, instance:com.mindtree.Runner.hybridRunner@11fc564b]" name="getdriver" is-config="true" duration-ms="6410" started-at="2021-11-20T18:23:38 IST" finished-at="2021-11-20T18:23:44 IST">
          <reporter-output>
          </reporter-output>
        </test-method> <!-- getdriver -->
        <test-method status="PASS" signature="checkCashOnDeliveryAvail()[pri:0, instance:com.mindtree.Runner.hybridRunner@11fc564b]" name="checkCashOnDeliveryAvail" duration-ms="4919" started-at="2021-11-20T18:23:44 IST" finished-at="2021-11-20T18:23:49 IST">
          <reporter-output>
          </reporter-output>
        </test-method> <!-- checkCashOnDeliveryAvail -->
        <test-method status="PASS" signature="closeDriver()[pri:0, instance:com.mindtree.Runner.hybridRunner@11fc564b]" name="closeDriver" is-config="true" duration-ms="722" started-at="2021-11-20T18:23:49 IST" finished-at="2021-11-20T18:23:50 IST">
          <reporter-output>
          </reporter-output>
        </test-method> <!-- closeDriver -->
        <test-method status="PASS" signature="getdriver()[pri:0, instance:com.mindtree.Runner.hybridRunner@11fc564b]" name="getdriver" is-config="true" duration-ms="5926" started-at="2021-11-20T18:23:50 IST" finished-at="2021-11-20T18:23:56 IST">
          <reporter-output>
          </reporter-output>
        </test-method> <!-- getdriver -->
        <test-method status="PASS" signature="countlinks()[pri:0, instance:com.mindtree.Runner.hybridRunner@11fc564b]" name="countlinks" duration-ms="49" started-at="2021-11-20T18:23:56 IST" finished-at="2021-11-20T18:23:56 IST">
          <reporter-output>
          </reporter-output>
        </test-method> <!-- countlinks -->
        <test-method status="PASS" signature="closeDriver()[pri:0, instance:com.mindtree.Runner.hybridRunner@11fc564b]" name="closeDriver" is-config="true" duration-ms="701" started-at="2021-11-20T18:23:56 IST" finished-at="2021-11-20T18:23:57 IST">
          <reporter-output>
          </reporter-output>
        </test-method> <!-- closeDriver -->
        <test-method status="PASS" signature="getdriver()[pri:0, instance:com.mindtree.Runner.hybridRunner@11fc564b]" name="getdriver" is-config="true" duration-ms="5432" started-at="2021-11-20T18:23:57 IST" finished-at="2021-11-20T18:24:02 IST">
          <reporter-output>
          </reporter-output>
        </test-method> <!-- getdriver -->
        <test-method status="PASS" signature="faceMasks()[pri:0, instance:com.mindtree.Runner.hybridRunner@11fc564b]" name="faceMasks" duration-ms="4797" started-at="2021-11-20T18:24:02 IST" finished-at="2021-11-20T18:24:07 IST">
          <reporter-output>
          </reporter-output>
        </test-method> <!-- faceMasks -->
        <test-method status="PASS" signature="closeDriver()[pri:0, instance:com.mindtree.Runner.hybridRunner@11fc564b]" name="closeDriver" is-config="true" duration-ms="708" started-at="2021-11-20T18:24:07 IST" finished-at="2021-11-20T18:24:08 IST">
          <reporter-output>
          </reporter-output>
        </test-method> <!-- closeDriver -->
        <test-method status="PASS" signature="getdriver()[pri:0, instance:com.mindtree.Runner.hybridRunner@11fc564b]" name="getdriver" is-config="true" duration-ms="5177" started-at="2021-11-20T18:24:08 IST" finished-at="2021-11-20T18:24:13 IST">
          <reporter-output>
          </reporter-output>
        </test-method> <!-- getdriver -->
        <test-method status="PASS" signature="getCorpGift()[pri:0, instance:com.mindtree.Runner.hybridRunner@11fc564b]" name="getCorpGift" duration-ms="4411" started-at="2021-11-20T18:24:13 IST" finished-at="2021-11-20T18:24:17 IST">
          <reporter-output>
          </reporter-output>
        </test-method> <!-- getCorpGift -->
        <test-method status="PASS" signature="closeDriver()[pri:0, instance:com.mindtree.Runner.hybridRunner@11fc564b]" name="closeDriver" is-config="true" duration-ms="695" started-at="2021-11-20T18:24:17 IST" finished-at="2021-11-20T18:24:18 IST">
          <reporter-output>
          </reporter-output>
        </test-method> <!-- closeDriver -->
        <test-method status="PASS" signature="getdriver()[pri:0, instance:com.mindtree.Runner.hybridRunner@11fc564b]" name="getdriver" is-config="true" duration-ms="4846" started-at="2021-11-20T18:24:18 IST" finished-at="2021-11-20T18:24:23 IST">
          <reporter-output>
          </reporter-output>
        </test-method> <!-- getdriver -->
        <test-method status="PASS" signature="getGiftCard()[pri:0, instance:com.mindtree.Runner.hybridRunner@11fc564b]" name="getGiftCard" duration-ms="3075" started-at="2021-11-20T18:24:23 IST" finished-at="2021-11-20T18:24:26 IST">
          <reporter-output>
          </reporter-output>
        </test-method> <!-- getGiftCard -->
        <test-method status="PASS" signature="closeDriver()[pri:0, instance:com.mindtree.Runner.hybridRunner@11fc564b]" name="closeDriver" is-config="true" duration-ms="669" started-at="2021-11-20T18:24:26 IST" finished-at="2021-11-20T18:24:27 IST">
          <reporter-output>
          </reporter-output>
        </test-method> <!-- closeDriver -->
        <test-method status="PASS" signature="getdriver()[pri:0, instance:com.mindtree.Runner.hybridRunner@11fc564b]" name="getdriver" is-config="true" duration-ms="5356" started-at="2021-11-20T18:24:27 IST" finished-at="2021-11-20T18:24:32 IST">
          <reporter-output>
          </reporter-output>
        </test-method> <!-- getdriver -->
        <test-method status="PASS" signature="getPersonalGift()[pri:0, instance:com.mindtree.Runner.hybridRunner@11fc564b]" name="getPersonalGift" duration-ms="9838" started-at="2021-11-20T18:24:32 IST" finished-at="2021-11-20T18:24:42 IST">
          <reporter-output>
          </reporter-output>
        </test-method> <!-- getPersonalGift -->
        <test-method status="PASS" signature="closeDriver()[pri:0, instance:com.mindtree.Runner.hybridRunner@11fc564b]" name="closeDriver" is-config="true" duration-ms="689" started-at="2021-11-20T18:24:42 IST" finished-at="2021-11-20T18:24:42 IST">
          <reporter-output>
          </reporter-output>
        </test-method> <!-- closeDriver -->
        <test-method status="PASS" signature="getdriver()[pri:0, instance:com.mindtree.Runner.hybridRunner@11fc564b]" name="getdriver" is-config="true" duration-ms="4986" started-at="2021-11-20T18:24:42 IST" finished-at="2021-11-20T18:24:47 IST">
          <reporter-output>
          </reporter-output>
        </test-method> <!-- getdriver -->
        <test-method status="PASS" signature="getTop50()[pri:0, instance:com.mindtree.Runner.hybridRunner@11fc564b]" name="getTop50" duration-ms="43628" started-at="2021-11-20T18:24:47 IST" finished-at="2021-11-20T18:25:31 IST">
          <reporter-output>
          </reporter-output>
        </test-method> <!-- getTop50 -->
        <test-method status="PASS" signature="closeDriver()[pri:0, instance:com.mindtree.Runner.hybridRunner@11fc564b]" name="closeDriver" is-config="true" duration-ms="692" started-at="2021-11-20T18:25:31 IST" finished-at="2021-11-20T18:25:32 IST">
          <reporter-output>
          </reporter-output>
        </test-method> <!-- closeDriver -->
        <test-method status="PASS" signature="getdriver()[pri:0, instance:com.mindtree.Runner.hybridRunner@11fc564b]" name="getdriver" is-config="true" duration-ms="6096" started-at="2021-11-20T18:25:32 IST" finished-at="2021-11-20T18:25:38 IST">
          <reporter-output>
          </reporter-output>
        </test-method> <!-- getdriver -->
        <test-method status="PASS" signature="getViewAll()[pri:0, instance:com.mindtree.Runner.hybridRunner@11fc564b]" name="getViewAll" duration-ms="11423" started-at="2021-11-20T18:25:38 IST" finished-at="2021-11-20T18:25:49 IST">
          <reporter-output>
          </reporter-output>
        </test-method> <!-- getViewAll -->
        <test-method status="PASS" signature="closeDriver()[pri:0, instance:com.mindtree.Runner.hybridRunner@11fc564b]" name="closeDriver" is-config="true" duration-ms="695" started-at="2021-11-20T18:25:49 IST" finished-at="2021-11-20T18:25:50 IST">
          <reporter-output>
          </reporter-output>
        </test-method> <!-- closeDriver -->
        <test-method status="PASS" signature="getdriver()[pri:0, instance:com.mindtree.Runner.hybridRunner@11fc564b]" name="getdriver" is-config="true" duration-ms="4912" started-at="2021-11-20T18:25:50 IST" finished-at="2021-11-20T18:25:55 IST">
          <reporter-output>
          </reporter-output>
        </test-method> <!-- getdriver -->
        <test-method status="PASS" signature="getprodBysearch()[pri:0, instance:com.mindtree.Runner.hybridRunner@11fc564b]" name="getprodBysearch" duration-ms="5896" started-at="2021-11-20T18:25:55 IST" finished-at="2021-11-20T18:26:01 IST">
          <reporter-output>
          </reporter-output>
        </test-method> <!-- getprodBysearch -->
        <test-method status="PASS" signature="closeDriver()[pri:0, instance:com.mindtree.Runner.hybridRunner@11fc564b]" name="closeDriver" is-config="true" duration-ms="728" started-at="2021-11-20T18:26:01 IST" finished-at="2021-11-20T18:26:01 IST">
          <reporter-output>
          </reporter-output>
        </test-method> <!-- closeDriver -->
        <test-method status="PASS" signature="getdriver()[pri:0, instance:com.mindtree.Runner.hybridRunner@11fc564b]" name="getdriver" is-config="true" duration-ms="5458" started-at="2021-11-20T18:26:01 IST" finished-at="2021-11-20T18:26:07 IST">
          <reporter-output>
          </reporter-output>
        </test-method> <!-- getdriver -->
        <test-method status="PASS" signature="signIn()[pri:0, instance:com.mindtree.Runner.hybridRunner@11fc564b]" name="signIn" duration-ms="3242" started-at="2021-11-20T18:26:07 IST" finished-at="2021-11-20T18:26:10 IST">
          <reporter-output>
          </reporter-output>
        </test-method> <!-- signIn -->
        <test-method status="PASS" signature="closeDriver()[pri:0, instance:com.mindtree.Runner.hybridRunner@11fc564b]" name="closeDriver" is-config="true" duration-ms="662" started-at="2021-11-20T18:26:10 IST" finished-at="2021-11-20T18:26:11 IST">
          <reporter-output>
          </reporter-output>
        </test-method> <!-- closeDriver -->
      </class> <!-- com.mindtree.Runner.hybridRunner -->
    </test> <!-- Test -->
  </suite> <!-- Suite -->
</testng-results>
